Amazons 61B, version 1.0
> > > > > > > > > > > > > > > > > > > > > > > > > > > > > > > > > > > > > > > > > > > > > > > > > > > > > > > > > > > > > > > > > > ===
   - S - - S - - S - -
   B - - - - - S S - -
   S - - S S S - - - S
   S S - S S S S S S S
   S S S S - S S - - -
   S S S S S S W - S S
   B S W S S S S S - S
   S S S S S S S S W -
   S S S S S S S S - S
   W B S - S B S S - S
===
> > > > > > >  - S - - S - -
   B - - - - - S S - -
   S - - S S S - - - S
   S S - S S S S S S S
   S S S S - S S - - -
   S S S S S S W - S S
   B S W S S S S S - S
   S S S S S S S S W -
   S S S S S S S S - S
   W B S - S B S S - S
===
> > > > > > > 